#-----------------------------------------------------------
# Vivado v2018.1 (64-bit)
# SW Build 2188600 on Wed Apr  4 18:40:38 MDT 2018
# IP Build 2185939 on Wed Apr  4 20:55:05 MDT 2018
# Start of session at: Sat Dec  2 15:40:22 2023
# Process ID: 30520
# Current directory: C:/Users/WzyNoEmo/Desktop/my_ip/ov5640_driver
# Command line: vivado.exe -gui_launcher_event rodinguilauncherevent25524 C:\Users\WzyNoEmo\Desktop\my_ip\ov5640_driver\ov5640_driver.xpr
# Log file: C:/Users/WzyNoEmo/Desktop/my_ip/ov5640_driver/vivado.log
# Journal file: C:/Users/WzyNoEmo/Desktop/my_ip/ov5640_driver\vivado.jou
#-----------------------------------------------------------
start_gui
open_project C:/Users/WzyNoEmo/Desktop/my_ip/ov5640_driver/ov5640_driver.xpr
Scanning sources...
Finished scanning sources
INFO: [IP_Flow 19-234] Refreshing IP repositories
INFO: [IP_Flow 19-1700] Loaded user IP repository 'c:/Users/WzyNoEmo/Desktop/my_ip/ov5640_driver/ov5640_driver.srcs/sources_1/new'.
INFO: [IP_Flow 19-2313] Loaded Vivado IP repository 'D:/Xilinx/Vivado/2018.1/data/ip'.
update_compile_order -fileset sources_1
ipx::package_project -root_dir c:/users/wzynoemo/desktop/my_ip/ov5640_driver/ov5640_driver.srcs/sources_1/new -vendor xilinx.com -library user -taxonomy /UserIP -force
INFO: [IP_Flow 19-5107] Inferred bus interface 'cmos_rstn' of definition 'xilinx.com:signal:reset:1.0' (from Xilinx Repository).
INFO: [IP_Flow 19-5107] Inferred bus interface 'rstn' of definition 'xilinx.com:signal:reset:1.0' (from Xilinx Repository).
INFO: [IP_Flow 19-5107] Inferred bus interface 'clk' of definition 'xilinx.com:signal:clock:1.0' (from Xilinx Repository).
INFO: [IP_Flow 19-4728] Bus Interface 'cmos_rstn': Added interface parameter 'POLARITY' with value 'ACTIVE_LOW'.
INFO: [IP_Flow 19-4728] Bus Interface 'rstn': Added interface parameter 'POLARITY' with value 'ACTIVE_LOW'.
INFO: [IP_Flow 19-4728] Bus Interface 'clk': Added interface parameter 'ASSOCIATED_RESET' with value 'rstn'.
WARNING: [IP_Flow 19-3153] Bus Interface 'clk': ASSOCIATED_BUSIF bus parameter is missing.
INFO: [IP_Flow 19-2181] Payment Required is not set for this core.
INFO: [IP_Flow 19-2187] The Product Guide file is missing.
set_property core_revision 2 [ipx::current_core]
ipx::create_xgui_files [ipx::current_core]
ipx::update_checksums [ipx::current_core]
ipx::save_core [ipx::current_core]
update_ip_catalog -rebuild -repo_path c:/Users/WzyNoEmo/Desktop/my_ip/ov5640_driver/ov5640_driver.srcs/sources_1/new
INFO: [IP_Flow 19-725] Reloaded user IP repository 'c:/Users/WzyNoEmo/Desktop/my_ip/ov5640_driver/ov5640_driver.srcs/sources_1/new'
exit
INFO: [Common 17-206] Exiting Vivado at Sat Dec  2 15:44:38 2023...
