#-----------------------------------------------------------
# Vivado v2018.1 (64-bit)
# SW Build 2188600 on Wed Apr  4 18:40:38 MDT 2018
# IP Build 2185939 on Wed Apr  4 20:55:05 MDT 2018
# Start of session at: Sat Dec  2 15:45:50 2023
# Process ID: 28592
# Current directory: C:/Users/WzyNoEmo/Desktop/my_ip/ov5640_driver
# Command line: vivado.exe -gui_launcher_event rodinguilauncherevent20376 C:\Users\WzyNoEmo\Desktop\my_ip\ov5640_driver\ov5640_driver.xpr
# Log file: C:/Users/WzyNoEmo/Desktop/my_ip/ov5640_driver/vivado.log
# Journal file: C:/Users/WzyNoEmo/Desktop/my_ip/ov5640_driver\vivado.jou
#-----------------------------------------------------------
start_gui
open_project C:/Users/WzyNoEmo/Desktop/my_ip/ov5640_driver/ov5640_driver.xpr
Scanning sources...
Finished scanning sources
INFO: [IP_Flow 19-234] Refreshing IP repositories
INFO: [IP_Flow 19-1700] Loaded user IP repository 'c:/Users/WzyNoEmo/Desktop/my_ip/ov5640_driver/ov5640_driver.srcs/sources_1/new'.
INFO: [IP_Flow 19-2313] Loaded Vivado IP repository 'D:/Xilinx/Vivado/2018.1/data/ip'.
update_compile_order -fileset sources_1
ipx::open_ipxact_file C:/Users/WzyNoEmo/Desktop/my_ip/ov5640_driver/ov5640_driver.srcs/sources_1/new/component.xml
WARNING: [IP_Flow 19-5226] Project source file 'c:/Users/WzyNoEmo/Desktop/my_ip/ov5640_driver/ov5640_driver.srcs/sources_1/new/component.xml' ignored by IP packager.
WARNING: [IP_Flow 19-4308] Project file 'c:/Users/WzyNoEmo/Desktop/my_ip/ov5640_driver/ov5640_driver.srcs/sources_1/new/cmos_reg_conf.v' is not found in the component files. It will be added automatically when merging sources and repackaging. Please remove the file from the source project if this is not desired.
WARNING: [IP_Flow 19-4308] Project file 'c:/Users/WzyNoEmo/Desktop/my_ip/ov5640_driver/ov5640_driver.srcs/sources_1/new/coms_data_convert.v' is not found in the component files. It will be added automatically when merging sources and repackaging. Please remove the file from the source project if this is not desired.
WARNING: [IP_Flow 19-4308] Project file 'c:/Users/WzyNoEmo/Desktop/my_ip/ov5640_driver/ov5640_driver.srcs/sources_1/new/iic_sccb.v' is not found in the component files. It will be added automatically when merging sources and repackaging. Please remove the file from the source project if this is not desired.
WARNING: [IP_Flow 19-4308] Project file 'c:/Users/WzyNoEmo/Desktop/my_ip/ov5640_driver/ov5640_driver.srcs/sources_1/new/ov5640_driver.v' is not found in the component files. It will be added automatically when merging sources and repackaging. Please remove the file from the source project if this is not desired.
WARNING: [IP_Flow 19-3898] File Group 'xilinx_anylanguagesynthesis (Synthesis)': File 'c:/Users/WzyNoEmo/Desktop/my_ip/ov5640_driver/ov5640_driver.srcs/sources_1/new/cmos_reg_conf.v' is not found in the project sources. It will be removed from the packaged IP when the sources are merged. If still required, please add this file to the project and re-package.
WARNING: [IP_Flow 19-3898] File Group 'xilinx_anylanguagesynthesis (Synthesis)': File 'c:/Users/WzyNoEmo/Desktop/my_ip/ov5640_driver/ov5640_driver.srcs/sources_1/new/coms_data_convert.v' is not found in the project sources. It will be removed from the packaged IP when the sources are merged. If still required, please add this file to the project and re-package.
WARNING: [IP_Flow 19-3898] File Group 'xilinx_anylanguagesynthesis (Synthesis)': File 'c:/Users/WzyNoEmo/Desktop/my_ip/ov5640_driver/ov5640_driver.srcs/sources_1/new/iic_sccb.v' is not found in the project sources. It will be removed from the packaged IP when the sources are merged. If still required, please add this file to the project and re-package.
WARNING: [IP_Flow 19-3898] File Group 'xilinx_anylanguagesynthesis (Synthesis)': File 'c:/Users/WzyNoEmo/Desktop/my_ip/ov5640_driver/ov5640_driver.srcs/sources_1/new/ov5640_driver.v' is not found in the project sources. It will be removed from the packaged IP when the sources are merged. If still required, please add this file to the project and re-package.
WARNING: [IP_Flow 19-4308] Project file 'c:/Users/WzyNoEmo/Desktop/my_ip/ov5640_driver/ov5640_driver.srcs/sources_1/new/cmos_reg_conf.v' is not found in the component files. It will be added automatically when merging sources and repackaging. Please remove the file from the source project if this is not desired.
WARNING: [IP_Flow 19-4308] Project file 'c:/Users/WzyNoEmo/Desktop/my_ip/ov5640_driver/ov5640_driver.srcs/sources_1/new/coms_data_convert.v' is not found in the component files. It will be added automatically when merging sources and repackaging. Please remove the file from the source project if this is not desired.
WARNING: [IP_Flow 19-4308] Project file 'c:/Users/WzyNoEmo/Desktop/my_ip/ov5640_driver/ov5640_driver.srcs/sources_1/new/iic_sccb.v' is not found in the component files. It will be added automatically when merging sources and repackaging. Please remove the file from the source project if this is not desired.
WARNING: [IP_Flow 19-4308] Project file 'c:/Users/WzyNoEmo/Desktop/my_ip/ov5640_driver/ov5640_driver.srcs/sources_1/new/ov5640_driver.v' is not found in the component files. It will be added automatically when merging sources and repackaging. Please remove the file from the source project if this is not desired.
WARNING: [IP_Flow 19-3898] File Group 'xilinx_anylanguagebehavioralsimulation (Simulation)': File 'c:/Users/WzyNoEmo/Desktop/my_ip/ov5640_driver/ov5640_driver.srcs/sources_1/new/cmos_reg_conf.v' is not found in the project sources. It will be removed from the packaged IP when the sources are merged. If still required, please add this file to the project and re-package.
WARNING: [IP_Flow 19-3898] File Group 'xilinx_anylanguagebehavioralsimulation (Simulation)': File 'c:/Users/WzyNoEmo/Desktop/my_ip/ov5640_driver/ov5640_driver.srcs/sources_1/new/coms_data_convert.v' is not found in the project sources. It will be removed from the packaged IP when the sources are merged. If still required, please add this file to the project and re-package.
WARNING: [IP_Flow 19-3898] File Group 'xilinx_anylanguagebehavioralsimulation (Simulation)': File 'c:/Users/WzyNoEmo/Desktop/my_ip/ov5640_driver/ov5640_driver.srcs/sources_1/new/iic_sccb.v' is not found in the project sources. It will be removed from the packaged IP when the sources are merged. If still required, please add this file to the project and re-package.
WARNING: [IP_Flow 19-3898] File Group 'xilinx_anylanguagebehavioralsimulation (Simulation)': File 'c:/Users/WzyNoEmo/Desktop/my_ip/ov5640_driver/ov5640_driver.srcs/sources_1/new/ov5640_driver.v' is not found in the project sources. It will be removed from the packaged IP when the sources are merged. If still required, please add this file to the project and re-package.
ipx::merge_project_changes hdl_parameters [ipx::current_core]
WARNING: [IP_Flow 19-5226] Project source file 'c:/Users/WzyNoEmo/Desktop/my_ip/ov5640_driver/ov5640_driver.srcs/sources_1/new/component.xml' ignored by IP packager.
WARNING: [IP_Flow 19-5109] File Group 'xilinx_anylanguagesynthesis (Synthesis)': File 'c:/Users/WzyNoEmo/Desktop/my_ip/ov5640_driver/ov5640_driver.srcs/sources_1/new/cmos_reg_conf.v' does not exist in the project sources. It has been removed from the packaged IP. If still required, please add this file to the project, merge sources and re-package.
WARNING: [IP_Flow 19-5109] File Group 'xilinx_anylanguagesynthesis (Synthesis)': File 'c:/Users/WzyNoEmo/Desktop/my_ip/ov5640_driver/ov5640_driver.srcs/sources_1/new/coms_data_convert.v' does not exist in the project sources. It has been removed from the packaged IP. If still required, please add this file to the project, merge sources and re-package.
WARNING: [IP_Flow 19-5109] File Group 'xilinx_anylanguagesynthesis (Synthesis)': File 'c:/Users/WzyNoEmo/Desktop/my_ip/ov5640_driver/ov5640_driver.srcs/sources_1/new/iic_sccb.v' does not exist in the project sources. It has been removed from the packaged IP. If still required, please add this file to the project, merge sources and re-package.
WARNING: [IP_Flow 19-5109] File Group 'xilinx_anylanguagesynthesis (Synthesis)': File 'c:/Users/WzyNoEmo/Desktop/my_ip/ov5640_driver/ov5640_driver.srcs/sources_1/new/ov5640_driver.v' does not exist in the project sources. It has been removed from the packaged IP. If still required, please add this file to the project, merge sources and re-package.
WARNING: [IP_Flow 19-5109] File Group 'xilinx_anylanguagebehavioralsimulation (Simulation)': File 'c:/Users/WzyNoEmo/Desktop/my_ip/ov5640_driver/ov5640_driver.srcs/sources_1/new/cmos_reg_conf.v' does not exist in the project sources. It has been removed from the packaged IP. If still required, please add this file to the project, merge sources and re-package.
WARNING: [IP_Flow 19-5109] File Group 'xilinx_anylanguagebehavioralsimulation (Simulation)': File 'c:/Users/WzyNoEmo/Desktop/my_ip/ov5640_driver/ov5640_driver.srcs/sources_1/new/coms_data_convert.v' does not exist in the project sources. It has been removed from the packaged IP. If still required, please add this file to the project, merge sources and re-package.
WARNING: [IP_Flow 19-5109] File Group 'xilinx_anylanguagebehavioralsimulation (Simulation)': File 'c:/Users/WzyNoEmo/Desktop/my_ip/ov5640_driver/ov5640_driver.srcs/sources_1/new/iic_sccb.v' does not exist in the project sources. It has been removed from the packaged IP. If still required, please add this file to the project, merge sources and re-package.
WARNING: [IP_Flow 19-5109] File Group 'xilinx_anylanguagebehavioralsimulation (Simulation)': File 'c:/Users/WzyNoEmo/Desktop/my_ip/ov5640_driver/ov5640_driver.srcs/sources_1/new/ov5640_driver.v' does not exist in the project sources. It has been removed from the packaged IP. If still required, please add this file to the project, merge sources and re-package.
set_property core_revision 3 [ipx::current_core]
ipx::create_xgui_files [ipx::current_core]
ipx::update_checksums [ipx::current_core]
ipx::save_core [ipx::current_core]
update_ip_catalog -rebuild -repo_path c:/Users/WzyNoEmo/Desktop/my_ip/ov5640_driver/ov5640_driver.srcs/sources_1/new
INFO: [IP_Flow 19-725] Reloaded user IP repository 'c:/Users/WzyNoEmo/Desktop/my_ip/ov5640_driver/ov5640_driver.srcs/sources_1/new'
launch_runs synth_1 -jobs 10
[Sat Dec  2 15:47:19 2023] Launched synth_1...
Run output will be captured here: C:/Users/WzyNoEmo/Desktop/my_ip/ov5640_driver/ov5640_driver.runs/synth_1/runme.log
exit
INFO: [Common 17-206] Exiting Vivado at Sat Dec  2 15:47:56 2023...
